Using pre-set license
Built from '2021.2/staging' branch; Version is '2021.2.5f1 (4ec9a5e799f5) revision 5163429'; Using compiler version '192829333'; Build Type 'Release'
OS: 'Windows 10  (10.0.19043) 64bit Professional' Language: 'fr' Physical Memory: 16322 MB
BatchMode: 1, IsHumanControllingUs: 0, StartBugReporterOnCrash: 0, Is64bit: 1, IsPro: 0

COMMAND LINE ARGUMENTS:
D:\logiciel\2021.2.5f1\Editor\Unity.exe
-adb2
-batchMode
-noUpm
-name
AssetImportWorker0
-projectPath
C:/Users/charl/Desktop/cours artfx/GAME3/prog/Advanced shader
-logFile
Logs/AssetImportWorker0.log
-srvPort
58879
Successfully changed project path to: C:/Users/charl/Desktop/cours artfx/GAME3/prog/Advanced shader
C:/Users/charl/Desktop/cours artfx/GAME3/prog/Advanced shader
[UnityMemory] Configuration Parameters - Can be set up in boot.config
    "memorysetup-bucket-allocator-granularity=16"
    "memorysetup-bucket-allocator-bucket-count=8"
    "memorysetup-bucket-allocator-block-size=33554432"
    "memorysetup-bucket-allocator-block-count=8"
    "memorysetup-main-allocator-block-size=16777216"
    "memorysetup-thread-allocator-block-size=16777216"
    "memorysetup-gfx-main-allocator-block-size=16777216"
    "memorysetup-gfx-thread-allocator-block-size=16777216"
    "memorysetup-cache-allocator-block-size=4194304"
    "memorysetup-typetree-allocator-block-size=2097152"
    "memorysetup-profiler-bucket-allocator-granularity=16"
    "memorysetup-profiler-bucket-allocator-bucket-count=8"
    "memorysetup-profiler-bucket-allocator-block-size=33554432"
    "memorysetup-profiler-bucket-allocator-block-count=8"
    "memorysetup-profiler-allocator-block-size=16777216"
    "memorysetup-profiler-editor-allocator-block-size=1048576"
    "memorysetup-temp-allocator-size-main=16777216"
    "memorysetup-job-temp-allocator-block-size=2097152"
    "memorysetup-job-temp-allocator-block-size-background=1048576"
    "memorysetup-job-temp-allocator-reduction-small-platforms=262144"
    "memorysetup-temp-allocator-size-background-worker=32768"
    "memorysetup-temp-allocator-size-job-worker=262144"
    "memorysetup-temp-allocator-size-preload-manager=33554432"
    "memorysetup-temp-allocator-size-nav-mesh-worker=65536"
    "memorysetup-temp-allocator-size-audio-worker=65536"
    "memorysetup-temp-allocator-size-cloud-worker=32768"
    "memorysetup-temp-allocator-size-gi-baking-worker=262144"
    "memorysetup-temp-allocator-size-gfx=262144"
Refreshing native plugins compatible for Editor in 83.10 ms, found 3 plugins.
Preloading 0 native plugins for Editor in 0.00 ms.
Initialize engine version: 2021.2.5f1 (4ec9a5e799f5)
[Subsystems] Discovering subsystems at path D:/logiciel/2021.2.5f1/Editor/Data/Resources/UnitySubsystems
[Subsystems] Discovering subsystems at path C:/Users/charl/Desktop/cours artfx/GAME3/prog/Advanced shader/Assets
GfxDevice: creating device client; threaded=0; jobified=0
Direct3D:
    Version:  Direct3D 11.0 [level 11.1]
    Renderer: NVIDIA GeForce RTX 2060 (ID=0x1f08)
    Vendor:   NVIDIA
    VRAM:     5980 MB
    Driver:   30.0.14.7168
Initialize mono
Mono path[0] = 'D:/logiciel/2021.2.5f1/Editor/Data/Managed'
Mono path[1] = 'D:/logiciel/2021.2.5f1/Editor/Data/MonoBleedingEdge/lib/mono/unityjit-win32'
Mono config path = 'D:/logiciel/2021.2.5f1/Editor/Data/MonoBleedingEdge/etc'
Using monoOptions --debugger-agent=transport=dt_socket,embedding=1,server=y,suspend=n,address=127.0.0.1:56616
Begin MonoManager ReloadAssembly
Registering precompiled unity dll's ...
Register platform support module: D:/logiciel/2021.2.5f1/Editor/Data/PlaybackEngines/WindowsStandaloneSupport/UnityEditor.WindowsStandalone.Extensions.dll
Registered in 0.003988 seconds.
Native extension for WindowsStandalone target not found
Refreshing native plugins compatible for Editor in 115.17 ms, found 3 plugins.
Preloading 0 native plugins for Editor in 0.00 ms.
Mono: successfully reloaded assembly
- Completed reload, in  0.896 seconds
Domain Reload Profiling:
	ReloadAssembly (897ms)
		BeginReloadAssembly (93ms)
			ExecutionOrderSort (0ms)
			DisableScriptedObjects (0ms)
			BackupInstance (0ms)
			ReleaseScriptingObjects (0ms)
			CreateAndSetChildDomain (1ms)
		EndReloadAssembly (712ms)
			LoadAssemblies (92ms)
			RebuildTransferFunctionScriptingTraits (0ms)
			SetupTypeCache (129ms)
			ReleaseScriptCaches (0ms)
			RebuildScriptCaches (65ms)
			SetupLoadedEditorAssemblies (446ms)
				LogAssemblyErrors (0ms)
				InitializePlatformSupportModulesInManaged (22ms)
				SetLoadedEditorAssemblies (0ms)
				RefreshPlugins (115ms)
				BeforeProcessingInitializeOnLoad (2ms)
				ProcessInitializeOnLoadAttributes (222ms)
				ProcessInitializeOnLoadMethodAttributes (85ms)
				AfterProcessingInitializeOnLoad (0ms)
				EditorAssembliesLoaded (0ms)
			ExecutionOrderSort2 (0ms)
			AwakeInstancesAfterBackupRestoration (0ms)
Platform modules already initialized, skipping
Registering precompiled user dll's ...
Registered in 0.012842 seconds.
Begin MonoManager ReloadAssembly
Symbol file LoadedFromMemory doesn't match image C:\Users\charl\Desktop\cours artfx\GAME3\prog\Advanced shader\Library\PackageCache\com.unity.visualscripting@1.7.5\Editor\VisualScripting.Core\Dependencies\YamlDotNet\Unity.VisualScripting.YamlDotNet.dll
Symbol file LoadedFromMemory doesn't match image C:\Users\charl\Desktop\cours artfx\GAME3\prog\Advanced shader\Library\PackageCache\com.unity.visualscripting@1.7.5\Editor\VisualScripting.Core\Dependencies\DotNetZip\Unity.VisualScripting.IonicZip.dll
Native extension for WindowsStandalone target not found
Refreshing native plugins compatible for Editor in 1.00 ms, found 3 plugins.
Preloading 0 native plugins for Editor in 0.00 ms.
Mono: successfully reloaded assembly
- Completed reload, in  1.895 seconds
Domain Reload Profiling:
	ReloadAssembly (1896ms)
		BeginReloadAssembly (256ms)
			ExecutionOrderSort (0ms)
			DisableScriptedObjects (10ms)
			BackupInstance (0ms)
			ReleaseScriptingObjects (0ms)
			CreateAndSetChildDomain (29ms)
		EndReloadAssembly (1486ms)
			LoadAssemblies (113ms)
			RebuildTransferFunctionScriptingTraits (0ms)
			SetupTypeCache (407ms)
			ReleaseScriptCaches (1ms)
			RebuildScriptCaches (165ms)
			SetupLoadedEditorAssemblies (588ms)
				LogAssemblyErrors (0ms)
				InitializePlatformSupportModulesInManaged (34ms)
				SetLoadedEditorAssemblies (1ms)
				RefreshPlugins (1ms)
				BeforeProcessingInitializeOnLoad (203ms)
				ProcessInitializeOnLoadAttributes (319ms)
				ProcessInitializeOnLoadMethodAttributes (27ms)
				AfterProcessingInitializeOnLoad (4ms)
				EditorAssembliesLoaded (0ms)
			ExecutionOrderSort2 (0ms)
			AwakeInstancesAfterBackupRestoration (10ms)
Platform modules already initialized, skipping
========================================================================
Worker process is ready to serve import requests
Launched and connected shader compiler UnityShaderCompiler.exe after 0.06 seconds
Refreshing native plugins compatible for Editor in 0.58 ms, found 3 plugins.
Preloading 0 native plugins for Editor in 0.00 ms.
Unloading 3100 Unused Serialized files (Serialized files now loaded: 0)
Unloading 23 unused Assets / (56.6 KB). Loaded Objects now: 3560.
Memory consumption went from 111.8 MB to 111.8 MB.
Total: 5.258500 ms (FindLiveObjects: 0.343900 ms CreateObjectMapping: 0.116900 ms MarkObjects: 4.668300 ms  DeleteObjects: 0.127800 ms)

AssetImportParameters requested are different than current active one (requested -> active):
  custom:video-decoder-ogg-theora: a1e56fd34408186e4bbccfd4996cb3dc -> 
  custom:container-muxer-webm: aa71ff27fc2769a1b78a27578f13a17b -> 
  custom:container-demuxer-webm: 4f35f7cbe854078d1ac9338744f61a02 -> 
  custom:video-encoder-webm-vp8: eb34c28f22e8b96e1ab97ce403110664 -> 
  custom:audio-encoder-webm-vorbis: bf7c407c2cedff20999df2af8eb42d56 -> 
  custom:framework-win-MediaFoundation: 216162199b28c13a410421893ffa2e32 -> 
  custom:container-demuxer-ogg: 62fdf1f143b41e24485cea50d1cbac27 -> 
  custom:video-decoder-webm-vp8: 9c59270c3fd7afecdb556c50c9e8de78 -> 
  custom:audio-decoder-ogg-vorbis: bf7c407c2cedff20999df2af8eb42d56 -> 
========================================================================
Received Import Request.
  Time since last request: 2133322.108212 seconds.
  path: Assets/Shader/Circle.shader
  artifactKey: Guid(2e2ac129f340e0e47bdb9d98147ada4e) Importer(815301076,1909f56bfc062723c751e8b465ee728b)
Start importing Assets/Shader/Circle.shader using Guid(2e2ac129f340e0e47bdb9d98147ada4e) Importer(815301076,1909f56bfc062723c751e8b465ee728b)  -> (artifact id: '60b9e43a7f7848e71bd506ab97e91d36') in 0.056297 seconds 
========================================================================
Received Import Request.
  Time since last request: 0.000029 seconds.
  path: Assets/Shader/CircleFade.shader
  artifactKey: Guid(e65a8ddf888bfca4eb4a5d5e40bcb077) Importer(815301076,1909f56bfc062723c751e8b465ee728b)
Start importing Assets/Shader/CircleFade.shader using Guid(e65a8ddf888bfca4eb4a5d5e40bcb077) Importer(815301076,1909f56bfc062723c751e8b465ee728b)  -> (artifact id: '77dd8d6bc94e4cc8a5b298cf3138e329') in 0.004528 seconds 
========================================================================
Received Import Request.
  Time since last request: 1.683941 seconds.
  path: Assets/Shader/Gradient.shader
  artifactKey: Guid(f42df6f249d7c2547bead3ed30090f37) Importer(815301076,1909f56bfc062723c751e8b465ee728b)
Start importing Assets/Shader/Gradient.shader using Guid(f42df6f249d7c2547bead3ed30090f37) Importer(815301076,1909f56bfc062723c751e8b465ee728b)  -> (artifact id: '8e97367dc7b1faaedec481c487aba681') in 0.003439 seconds 
========================================================================
Received Import Request.
  Time since last request: 2.104891 seconds.
  path: Assets/Shader/Line.shader
  artifactKey: Guid(a5a765556054c164e8f2e11ebd259e61) Importer(815301076,1909f56bfc062723c751e8b465ee728b)
Start importing Assets/Shader/Line.shader using Guid(a5a765556054c164e8f2e11ebd259e61) Importer(815301076,1909f56bfc062723c751e8b465ee728b)  -> (artifact id: '10e52f50a01ddbe91b2406a53b2ff0d9') in 0.003069 seconds 
========================================================================
Received Import Request.
  Time since last request: 1.802362 seconds.
  path: Assets/Shader/RedShader2.shader
  artifactKey: Guid(355b250247105364fb019307e9c29205) Importer(815301076,1909f56bfc062723c751e8b465ee728b)
Start importing Assets/Shader/RedShader2.shader using Guid(355b250247105364fb019307e9c29205) Importer(815301076,1909f56bfc062723c751e8b465ee728b)  -> (artifact id: 'b27116efd8eba5624e22b07f5684f795') in 0.003401 seconds 
========================================================================
Received Import Request.
  Time since last request: 1.699880 seconds.
  path: Assets/Shader/Sqrt.shader
  artifactKey: Guid(196f4783af9519f43ab0cc487532acc0) Importer(815301076,1909f56bfc062723c751e8b465ee728b)
Start importing Assets/Shader/Sqrt.shader using Guid(196f4783af9519f43ab0cc487532acc0) Importer(815301076,1909f56bfc062723c751e8b465ee728b)  -> (artifact id: '4b850857c33becfb68f063b056d7f2f2') in 0.003002 seconds 
========================================================================
Received Import Request.
  Time since last request: 1.709606 seconds.
  path: Assets/Shader/Start.shader
  artifactKey: Guid(21cd14fe4742cca4b920e77d422d6c2c) Importer(815301076,1909f56bfc062723c751e8b465ee728b)
Start importing Assets/Shader/Start.shader using Guid(21cd14fe4742cca4b920e77d422d6c2c) Importer(815301076,1909f56bfc062723c751e8b465ee728b)  -> (artifact id: 'ecb5d5095d4d71b91dc6526f19d24822') in 0.002969 seconds 
========================================================================
Received Import Request.
  Time since last request: 51.734051 seconds.
  path: Assets/Shader/Texture.shader
  artifactKey: Guid(48eee2fa349df144b82635e237c1e75d) Importer(815301076,1909f56bfc062723c751e8b465ee728b)
Start importing Assets/Shader/Texture.shader using Guid(48eee2fa349df144b82635e237c1e75d) Importer(815301076,1909f56bfc062723c751e8b465ee728b)  -> (artifact id: '024f34803e7558e5c6c5f9a7ec014b67') in 0.003045 seconds 
========================================================================
Received Import Request.
  Time since last request: 186.732836 seconds.
  path: Assets/Material/CircleFade_Material.mat
  artifactKey: Guid(94101297573ed0448a7e1c8ccdea05e4) Importer(815301076,1909f56bfc062723c751e8b465ee728b)
Start importing Assets/Material/CircleFade_Material.mat using Guid(94101297573ed0448a7e1c8ccdea05e4) Importer(815301076,1909f56bfc062723c751e8b465ee728b)  -> (artifact id: '389aa39d3ed8b3dcc2c6f13cc432952c') in 0.121732 seconds 
========================================================================
Received Import Request.
  Time since last request: 280.335906 seconds.
  path: Assets/Scenes/Scene3.unity
  artifactKey: Guid(b0a579883cf30ba4ebdbd9e7c5c82b9f) Importer(815301076,1909f56bfc062723c751e8b465ee728b)
Start importing Assets/Scenes/Scene3.unity using Guid(b0a579883cf30ba4ebdbd9e7c5c82b9f) Importer(815301076,1909f56bfc062723c751e8b465ee728b)  -> (artifact id: '936dac615e282c1b99ac6dd82ace7edd') in 0.004628 seconds 
========================================================================
Received Import Request.
  Time since last request: 56.464467 seconds.
  path: Assets/flag_02.fbx
  artifactKey: Guid(9d370bdd8908d5440aee10c726eb1147) Importer(815301076,1909f56bfc062723c751e8b465ee728b)
Start importing Assets/flag_02.fbx using Guid(9d370bdd8908d5440aee10c726eb1147) Importer(815301076,1909f56bfc062723c751e8b465ee728b)  -> (artifact id: 'ccb97ef27cb3d8ddec61c941791180f5') in 0.161103 seconds 
========================================================================
Received Import Request.
  Time since last request: 3.355994 seconds.
  path: Assets/earth-flag.jpg
  artifactKey: Guid(2f8c8aa8ad9db2740ae87ba73aa00ed8) Importer(815301076,1909f56bfc062723c751e8b465ee728b)
Start importing Assets/earth-flag.jpg using Guid(2f8c8aa8ad9db2740ae87ba73aa00ed8) Importer(815301076,1909f56bfc062723c751e8b465ee728b)  -> (artifact id: 'd0d506a879dd47b06a431bdf343426ee') in 0.046721 seconds 
========================================================================
Received Import Request.
  Time since last request: 24.490905 seconds.
  path: Assets/Shader/Bokeh.shader
  artifactKey: Guid(8f74e39ed22fc544786b1e4c407b6107) Importer(815301076,1909f56bfc062723c751e8b465ee728b)
Start importing Assets/Shader/Bokeh.shader using Guid(8f74e39ed22fc544786b1e4c407b6107) Importer(815301076,1909f56bfc062723c751e8b465ee728b)  -> (artifact id: '2d964304753cb4ce99ee8a4e5b23b4ed') in 0.002592 seconds 
========================================================================
Received Import Request.
  Time since last request: 19.152163 seconds.
  path: Assets/Shader/VertexAnimFlag.shader
  artifactKey: Guid(75f5cd8bcd765674bbb215a17923af79) Importer(815301076,1909f56bfc062723c751e8b465ee728b)
Start importing Assets/Shader/VertexAnimFlag.shader using Guid(75f5cd8bcd765674bbb215a17923af79) Importer(815301076,1909f56bfc062723c751e8b465ee728b)  -> (artifact id: 'd2db0676cc8b68841c862fec393b7442') in 0.006345 seconds 
========================================================================
Received Import Request.
  Time since last request: 633.904953 seconds.
  path: Assets/Shader/VertexAnimFlag.shader
  artifactKey: Guid(75f5cd8bcd765674bbb215a17923af79) Importer(815301076,1909f56bfc062723c751e8b465ee728b)
Start importing Assets/Shader/VertexAnimFlag.shader using Guid(75f5cd8bcd765674bbb215a17923af79) Importer(815301076,1909f56bfc062723c751e8b465ee728b)  -> (artifact id: '04afac2afc7d8c490339ad71df420cec') in 0.004495 seconds 
========================================================================
Received Import Request.
  Time since last request: 26.079487 seconds.
  path: Assets/Shader/VertexAnimFlag.shader
  artifactKey: Guid(75f5cd8bcd765674bbb215a17923af79) Importer(815301076,1909f56bfc062723c751e8b465ee728b)
Start importing Assets/Shader/VertexAnimFlag.shader using Guid(75f5cd8bcd765674bbb215a17923af79) Importer(815301076,1909f56bfc062723c751e8b465ee728b)  -> (artifact id: '57abe145455b63c6c163e91c33843b3b') in 0.003350 seconds 
========================================================================
Received Import Request.
  Time since last request: 20.919836 seconds.
  path: Assets/Shader/VertexAnimFlag.shader
  artifactKey: Guid(75f5cd8bcd765674bbb215a17923af79) Importer(815301076,1909f56bfc062723c751e8b465ee728b)
Start importing Assets/Shader/VertexAnimFlag.shader using Guid(75f5cd8bcd765674bbb215a17923af79) Importer(815301076,1909f56bfc062723c751e8b465ee728b)  -> (artifact id: 'fa6793f2ff26683428936149caa68ce4') in 0.004128 seconds 
========================================================================
Received Import Request.
  Time since last request: 127.709277 seconds.
  path: Assets/Material/Flag_Material.mat
  artifactKey: Guid(7e3927b02b84eb4428558e5f533dd534) Importer(815301076,1909f56bfc062723c751e8b465ee728b)
Start importing Assets/Material/Flag_Material.mat using Guid(7e3927b02b84eb4428558e5f533dd534) Importer(815301076,1909f56bfc062723c751e8b465ee728b)  -> (artifact id: '942317a8852cb28037ff701c4c5c9fab') in 0.010702 seconds 
========================================================================
Received Import Request.
  Time since last request: 6.182060 seconds.
  path: Assets/Material/Scene3
  artifactKey: Guid(59d747b4117bd634ea94469390d75bbb) Importer(815301076,1909f56bfc062723c751e8b465ee728b)
Start importing Assets/Material/Scene3 using Guid(59d747b4117bd634ea94469390d75bbb) Importer(815301076,1909f56bfc062723c751e8b465ee728b)  -> (artifact id: 'b7ff914df5c6d2260616d5a4bb5e57e6') in 0.003127 seconds 
========================================================================
Received Prepare
Registering precompiled user dll's ...
Registered in 0.010017 seconds.
Begin MonoManager ReloadAssembly
Symbol file LoadedFromMemory doesn't match image C:\Users\charl\Desktop\cours artfx\GAME3\prog\Advanced shader\Library\PackageCache\com.unity.visualscripting@1.7.5\Editor\VisualScripting.Core\Dependencies\YamlDotNet\Unity.VisualScripting.YamlDotNet.dll
Symbol file LoadedFromMemory doesn't match image C:\Users\charl\Desktop\cours artfx\GAME3\prog\Advanced shader\Library\PackageCache\com.unity.visualscripting@1.7.5\Editor\VisualScripting.Core\Dependencies\DotNetZip\Unity.VisualScripting.IonicZip.dll
Native extension for WindowsStandalone target not found
Refreshing native plugins compatible for Editor in 0.58 ms, found 3 plugins.
Preloading 0 native plugins for Editor in 0.00 ms.
Mono: successfully reloaded assembly
- Completed reload, in  1.233 seconds
Domain Reload Profiling:
	ReloadAssembly (1234ms)
		BeginReloadAssembly (160ms)
			ExecutionOrderSort (0ms)
			DisableScriptedObjects (5ms)
			BackupInstance (0ms)
			ReleaseScriptingObjects (0ms)
			CreateAndSetChildDomain (42ms)
		EndReloadAssembly (950ms)
			LoadAssemblies (92ms)
			RebuildTransferFunctionScriptingTraits (0ms)
			SetupTypeCache (270ms)
			ReleaseScriptCaches (1ms)
			RebuildScriptCaches (52ms)
			SetupLoadedEditorAssemblies (389ms)
				LogAssemblyErrors (0ms)
				InitializePlatformSupportModulesInManaged (16ms)
				SetLoadedEditorAssemblies (1ms)
				RefreshPlugins (1ms)
				BeforeProcessingInitializeOnLoad (70ms)
				ProcessInitializeOnLoadAttributes (266ms)
				ProcessInitializeOnLoadMethodAttributes (31ms)
				AfterProcessingInitializeOnLoad (4ms)
				EditorAssembliesLoaded (0ms)
			ExecutionOrderSort2 (0ms)
			AwakeInstancesAfterBackupRestoration (19ms)
Platform modules already initialized, skipping
Refreshing native plugins compatible for Editor in 0.67 ms, found 3 plugins.
Preloading 0 native plugins for Editor in 0.00 ms.
Unloading 3087 Unused Serialized files (Serialized files now loaded: 0)
Unloading 20 unused Assets / (49.7 KB). Loaded Objects now: 3620.
Memory consumption went from 116.5 MB to 116.4 MB.
Total: 3.561700 ms (FindLiveObjects: 0.332000 ms CreateObjectMapping: 0.093400 ms MarkObjects: 3.019300 ms  DeleteObjects: 0.115500 ms)

AssetImportParameters requested are different than current active one (requested -> active):
  custom:video-decoder-ogg-theora: a1e56fd34408186e4bbccfd4996cb3dc -> 
  custom:container-muxer-webm: aa71ff27fc2769a1b78a27578f13a17b -> 
  custom:container-demuxer-webm: 4f35f7cbe854078d1ac9338744f61a02 -> 
  custom:video-encoder-webm-vp8: eb34c28f22e8b96e1ab97ce403110664 -> 
  custom:audio-encoder-webm-vorbis: bf7c407c2cedff20999df2af8eb42d56 -> 
  custom:framework-win-MediaFoundation: 216162199b28c13a410421893ffa2e32 -> 
  custom:container-demuxer-ogg: 62fdf1f143b41e24485cea50d1cbac27 -> 
  custom:video-decoder-webm-vp8: 9c59270c3fd7afecdb556c50c9e8de78 -> 
  custom:audio-decoder-ogg-vorbis: bf7c407c2cedff20999df2af8eb42d56 -> 
========================================================================
Received Prepare
Registering precompiled user dll's ...
Registered in 0.010621 seconds.
Begin MonoManager ReloadAssembly
Symbol file LoadedFromMemory doesn't match image C:\Users\charl\Desktop\cours artfx\GAME3\prog\Advanced shader\Library\PackageCache\com.unity.visualscripting@1.7.5\Editor\VisualScripting.Core\Dependencies\YamlDotNet\Unity.VisualScripting.YamlDotNet.dll
Symbol file LoadedFromMemory doesn't match image C:\Users\charl\Desktop\cours artfx\GAME3\prog\Advanced shader\Library\PackageCache\com.unity.visualscripting@1.7.5\Editor\VisualScripting.Core\Dependencies\DotNetZip\Unity.VisualScripting.IonicZip.dll
Native extension for WindowsStandalone target not found
Refreshing native plugins compatible for Editor in 0.84 ms, found 3 plugins.
Preloading 0 native plugins for Editor in 0.00 ms.
Mono: successfully reloaded assembly
- Completed reload, in  1.202 seconds
Domain Reload Profiling:
	ReloadAssembly (1202ms)
		BeginReloadAssembly (149ms)
			ExecutionOrderSort (0ms)
			DisableScriptedObjects (8ms)
			BackupInstance (0ms)
			ReleaseScriptingObjects (0ms)
			CreateAndSetChildDomain (35ms)
		EndReloadAssembly (924ms)
			LoadAssemblies (100ms)
			RebuildTransferFunctionScriptingTraits (0ms)
			SetupTypeCache (273ms)
			ReleaseScriptCaches (1ms)
			RebuildScriptCaches (48ms)
			SetupLoadedEditorAssemblies (363ms)
				LogAssemblyErrors (0ms)
				InitializePlatformSupportModulesInManaged (15ms)
				SetLoadedEditorAssemblies (1ms)
				RefreshPlugins (1ms)
				BeforeProcessingInitializeOnLoad (69ms)
				ProcessInitializeOnLoadAttributes (244ms)
				ProcessInitializeOnLoadMethodAttributes (29ms)
				AfterProcessingInitializeOnLoad (4ms)
				EditorAssembliesLoaded (0ms)
			ExecutionOrderSort2 (0ms)
			AwakeInstancesAfterBackupRestoration (18ms)
Platform modules already initialized, skipping
Refreshing native plugins compatible for Editor in 0.84 ms, found 3 plugins.
Preloading 0 native plugins for Editor in 0.00 ms.
Unloading 3086 Unused Serialized files (Serialized files now loaded: 0)
Unloading 19 unused Assets / (49.6 KB). Loaded Objects now: 3622.
Memory consumption went from 116.4 MB to 116.4 MB.
Total: 3.501300 ms (FindLiveObjects: 0.372100 ms CreateObjectMapping: 0.088400 ms MarkObjects: 2.928800 ms  DeleteObjects: 0.110600 ms)

AssetImportParameters requested are different than current active one (requested -> active):
  custom:video-decoder-ogg-theora: a1e56fd34408186e4bbccfd4996cb3dc -> 
  custom:container-muxer-webm: aa71ff27fc2769a1b78a27578f13a17b -> 
  custom:container-demuxer-webm: 4f35f7cbe854078d1ac9338744f61a02 -> 
  custom:video-encoder-webm-vp8: eb34c28f22e8b96e1ab97ce403110664 -> 
  custom:audio-encoder-webm-vorbis: bf7c407c2cedff20999df2af8eb42d56 -> 
  custom:framework-win-MediaFoundation: 216162199b28c13a410421893ffa2e32 -> 
  custom:container-demuxer-ogg: 62fdf1f143b41e24485cea50d1cbac27 -> 
  custom:video-decoder-webm-vp8: 9c59270c3fd7afecdb556c50c9e8de78 -> 
  custom:audio-decoder-ogg-vorbis: bf7c407c2cedff20999df2af8eb42d56 -> 
========================================================================
Received Prepare
Registering precompiled user dll's ...
Registered in 0.009824 seconds.
Begin MonoManager ReloadAssembly
Symbol file LoadedFromMemory doesn't match image C:\Users\charl\Desktop\cours artfx\GAME3\prog\Advanced shader\Library\PackageCache\com.unity.visualscripting@1.7.5\Editor\VisualScripting.Core\Dependencies\YamlDotNet\Unity.VisualScripting.YamlDotNet.dll
Symbol file LoadedFromMemory doesn't match image C:\Users\charl\Desktop\cours artfx\GAME3\prog\Advanced shader\Library\PackageCache\com.unity.visualscripting@1.7.5\Editor\VisualScripting.Core\Dependencies\DotNetZip\Unity.VisualScripting.IonicZip.dll
Native extension for WindowsStandalone target not found
Refreshing native plugins compatible for Editor in 0.58 ms, found 3 plugins.
Preloading 0 native plugins for Editor in 0.00 ms.
Mono: successfully reloaded assembly
- Completed reload, in  1.211 seconds
Domain Reload Profiling:
	ReloadAssembly (1211ms)
		BeginReloadAssembly (156ms)
			ExecutionOrderSort (0ms)
			DisableScriptedObjects (8ms)
			BackupInstance (0ms)
			ReleaseScriptingObjects (0ms)
			CreateAndSetChildDomain (39ms)
		EndReloadAssembly (939ms)
			LoadAssemblies (99ms)
			RebuildTransferFunctionScriptingTraits (0ms)
			SetupTypeCache (270ms)
			ReleaseScriptCaches (2ms)
			RebuildScriptCaches (50ms)
			SetupLoadedEditorAssemblies (382ms)
				LogAssemblyErrors (0ms)
				InitializePlatformSupportModulesInManaged (14ms)
				SetLoadedEditorAssemblies (1ms)
				RefreshPlugins (1ms)
				BeforeProcessingInitializeOnLoad (80ms)
				ProcessInitializeOnLoadAttributes (252ms)
				ProcessInitializeOnLoadMethodAttributes (30ms)
				AfterProcessingInitializeOnLoad (5ms)
				EditorAssembliesLoaded (0ms)
			ExecutionOrderSort2 (0ms)
			AwakeInstancesAfterBackupRestoration (19ms)
Platform modules already initialized, skipping
Refreshing native plugins compatible for Editor in 0.61 ms, found 3 plugins.
Preloading 0 native plugins for Editor in 0.00 ms.
Unloading 3086 Unused Serialized files (Serialized files now loaded: 0)
Unloading 19 unused Assets / (49.8 KB). Loaded Objects now: 3624.
Memory consumption went from 116.4 MB to 116.4 MB.
Total: 3.481000 ms (FindLiveObjects: 0.336000 ms CreateObjectMapping: 0.082800 ms MarkObjects: 2.967300 ms  DeleteObjects: 0.093800 ms)

AssetImportParameters requested are different than current active one (requested -> active):
  custom:video-decoder-ogg-theora: a1e56fd34408186e4bbccfd4996cb3dc -> 
  custom:container-muxer-webm: aa71ff27fc2769a1b78a27578f13a17b -> 
  custom:container-demuxer-webm: 4f35f7cbe854078d1ac9338744f61a02 -> 
  custom:video-encoder-webm-vp8: eb34c28f22e8b96e1ab97ce403110664 -> 
  custom:audio-encoder-webm-vorbis: bf7c407c2cedff20999df2af8eb42d56 -> 
  custom:framework-win-MediaFoundation: 216162199b28c13a410421893ffa2e32 -> 
  custom:container-demuxer-ogg: 62fdf1f143b41e24485cea50d1cbac27 -> 
  custom:video-decoder-webm-vp8: 9c59270c3fd7afecdb556c50c9e8de78 -> 
  custom:audio-decoder-ogg-vorbis: bf7c407c2cedff20999df2af8eb42d56 -> 
========================================================================
Received Prepare
Registering precompiled user dll's ...
Registered in 0.011539 seconds.
Begin MonoManager ReloadAssembly
Symbol file LoadedFromMemory doesn't match image C:\Users\charl\Desktop\cours artfx\GAME3\prog\Advanced shader\Library\PackageCache\com.unity.visualscripting@1.7.5\Editor\VisualScripting.Core\Dependencies\YamlDotNet\Unity.VisualScripting.YamlDotNet.dll
Symbol file LoadedFromMemory doesn't match image C:\Users\charl\Desktop\cours artfx\GAME3\prog\Advanced shader\Library\PackageCache\com.unity.visualscripting@1.7.5\Editor\VisualScripting.Core\Dependencies\DotNetZip\Unity.VisualScripting.IonicZip.dll
Native extension for WindowsStandalone target not found
Refreshing native plugins compatible for Editor in 0.65 ms, found 3 plugins.
Preloading 0 native plugins for Editor in 0.00 ms.
Mono: successfully reloaded assembly
- Completed reload, in  1.254 seconds
Domain Reload Profiling:
	ReloadAssembly (1255ms)
		BeginReloadAssembly (150ms)
			ExecutionOrderSort (0ms)
			DisableScriptedObjects (8ms)
			BackupInstance (0ms)
			ReleaseScriptingObjects (0ms)
			CreateAndSetChildDomain (35ms)
		EndReloadAssembly (990ms)
			LoadAssemblies (95ms)
			RebuildTransferFunctionScriptingTraits (0ms)
			SetupTypeCache (282ms)
			ReleaseScriptCaches (1ms)
			RebuildScriptCaches (53ms)
			SetupLoadedEditorAssemblies (402ms)
				LogAssemblyErrors (0ms)
				InitializePlatformSupportModulesInManaged (14ms)
				SetLoadedEditorAssemblies (1ms)
				RefreshPlugins (1ms)
				BeforeProcessingInitializeOnLoad (62ms)
				ProcessInitializeOnLoadAttributes (283ms)
				ProcessInitializeOnLoadMethodAttributes (36ms)
				AfterProcessingInitializeOnLoad (6ms)
				EditorAssembliesLoaded (0ms)
			ExecutionOrderSort2 (0ms)
			AwakeInstancesAfterBackupRestoration (23ms)
Platform modules already initialized, skipping
Refreshing native plugins compatible for Editor in 0.76 ms, found 3 plugins.
Preloading 0 native plugins for Editor in 0.00 ms.
Unloading 3086 Unused Serialized files (Serialized files now loaded: 0)
Unloading 19 unused Assets / (50.2 KB). Loaded Objects now: 3626.
Memory consumption went from 116.5 MB to 116.4 MB.
Total: 3.255900 ms (FindLiveObjects: 0.315000 ms CreateObjectMapping: 0.083500 ms MarkObjects: 2.770600 ms  DeleteObjects: 0.085700 ms)

AssetImportParameters requested are different than current active one (requested -> active):
  custom:video-decoder-ogg-theora: a1e56fd34408186e4bbccfd4996cb3dc -> 
  custom:container-muxer-webm: aa71ff27fc2769a1b78a27578f13a17b -> 
  custom:container-demuxer-webm: 4f35f7cbe854078d1ac9338744f61a02 -> 
  custom:video-encoder-webm-vp8: eb34c28f22e8b96e1ab97ce403110664 -> 
  custom:audio-encoder-webm-vorbis: bf7c407c2cedff20999df2af8eb42d56 -> 
  custom:framework-win-MediaFoundation: 216162199b28c13a410421893ffa2e32 -> 
  custom:container-demuxer-ogg: 62fdf1f143b41e24485cea50d1cbac27 -> 
  custom:video-decoder-webm-vp8: 9c59270c3fd7afecdb556c50c9e8de78 -> 
  custom:audio-decoder-ogg-vorbis: bf7c407c2cedff20999df2af8eb42d56 -> 
========================================================================
Received Prepare
Registering precompiled user dll's ...
Registered in 0.011122 seconds.
Begin MonoManager ReloadAssembly
Symbol file LoadedFromMemory doesn't match image C:\Users\charl\Desktop\cours artfx\GAME3\prog\Advanced shader\Library\PackageCache\com.unity.visualscripting@1.7.5\Editor\VisualScripting.Core\Dependencies\YamlDotNet\Unity.VisualScripting.YamlDotNet.dll
Symbol file LoadedFromMemory doesn't match image C:\Users\charl\Desktop\cours artfx\GAME3\prog\Advanced shader\Library\PackageCache\com.unity.visualscripting@1.7.5\Editor\VisualScripting.Core\Dependencies\DotNetZip\Unity.VisualScripting.IonicZip.dll
Native extension for WindowsStandalone target not found
Refreshing native plugins compatible for Editor in 0.61 ms, found 3 plugins.
Preloading 0 native plugins for Editor in 0.00 ms.
Mono: successfully reloaded assembly
- Completed reload, in  1.179 seconds
Domain Reload Profiling:
	ReloadAssembly (1179ms)
		BeginReloadAssembly (138ms)
			ExecutionOrderSort (0ms)
			DisableScriptedObjects (8ms)
			BackupInstance (0ms)
			ReleaseScriptingObjects (0ms)
			CreateAndSetChildDomain (36ms)
		EndReloadAssembly (930ms)
			LoadAssemblies (93ms)
			RebuildTransferFunctionScriptingTraits (0ms)
			SetupTypeCache (268ms)
			ReleaseScriptCaches (2ms)
			RebuildScriptCaches (52ms)
			SetupLoadedEditorAssemblies (378ms)
				LogAssemblyErrors (0ms)
				InitializePlatformSupportModulesInManaged (17ms)
				SetLoadedEditorAssemblies (1ms)
				RefreshPlugins (1ms)
				BeforeProcessingInitializeOnLoad (68ms)
				ProcessInitializeOnLoadAttributes (257ms)
				ProcessInitializeOnLoadMethodAttributes (29ms)
				AfterProcessingInitializeOnLoad (5ms)
				EditorAssembliesLoaded (0ms)
			ExecutionOrderSort2 (0ms)
			AwakeInstancesAfterBackupRestoration (19ms)
Platform modules already initialized, skipping
Refreshing native plugins compatible for Editor in 0.74 ms, found 3 plugins.
Preloading 0 native plugins for Editor in 0.00 ms.
Unloading 3086 Unused Serialized files (Serialized files now loaded: 0)
Unloading 19 unused Assets / (50.2 KB). Loaded Objects now: 3628.
Memory consumption went from 116.5 MB to 116.4 MB.
Total: 3.965800 ms (FindLiveObjects: 0.311100 ms CreateObjectMapping: 0.084700 ms MarkObjects: 3.474900 ms  DeleteObjects: 0.092800 ms)

AssetImportParameters requested are different than current active one (requested -> active):
  custom:video-decoder-ogg-theora: a1e56fd34408186e4bbccfd4996cb3dc -> 
  custom:container-muxer-webm: aa71ff27fc2769a1b78a27578f13a17b -> 
  custom:container-demuxer-webm: 4f35f7cbe854078d1ac9338744f61a02 -> 
  custom:video-encoder-webm-vp8: eb34c28f22e8b96e1ab97ce403110664 -> 
  custom:audio-encoder-webm-vorbis: bf7c407c2cedff20999df2af8eb42d56 -> 
  custom:framework-win-MediaFoundation: 216162199b28c13a410421893ffa2e32 -> 
  custom:container-demuxer-ogg: 62fdf1f143b41e24485cea50d1cbac27 -> 
  custom:video-decoder-webm-vp8: 9c59270c3fd7afecdb556c50c9e8de78 -> 
  custom:audio-decoder-ogg-vorbis: bf7c407c2cedff20999df2af8eb42d56 -> 
========================================================================
Received Import Request.
  Time since last request: 1443.151759 seconds.
  path: Assets/Material/Scene2/Bokeh_Material.mat
  artifactKey: Guid(4f828bacece860748a52cd476220accc) Importer(815301076,1909f56bfc062723c751e8b465ee728b)
Start importing Assets/Material/Scene2/Bokeh_Material.mat using Guid(4f828bacece860748a52cd476220accc) Importer(815301076,1909f56bfc062723c751e8b465ee728b)  -> (artifact id: '51b1240ba3740c248cceb0e06ef8a8fe') in 0.111580 seconds 
========================================================================
Received Import Request.
  Time since last request: 106.101938 seconds.
  path: Assets/Material/Scene2/Flag_Material.mat
  artifactKey: Guid(7e3927b02b84eb4428558e5f533dd534) Importer(815301076,1909f56bfc062723c751e8b465ee728b)
Start importing Assets/Material/Scene2/Flag_Material.mat using Guid(7e3927b02b84eb4428558e5f533dd534) Importer(815301076,1909f56bfc062723c751e8b465ee728b)  -> (artifact id: 'af0d176b709528f18abbd8a6b1406814') in 0.031941 seconds 
========================================================================
Received Import Request.
  Time since last request: 120.871134 seconds.
  path: Assets/Material/Scene2/Flag_Material.mat
  artifactKey: Guid(7e3927b02b84eb4428558e5f533dd534) Importer(815301076,1909f56bfc062723c751e8b465ee728b)
Start importing Assets/Material/Scene2/Flag_Material.mat using Guid(7e3927b02b84eb4428558e5f533dd534) Importer(815301076,1909f56bfc062723c751e8b465ee728b)  -> (artifact id: 'd6d8f9b10deefd18b614ef5a154ccb39') in 0.033050 seconds 
========================================================================
Received Prepare
Registering precompiled user dll's ...
Registered in 0.010860 seconds.
Begin MonoManager ReloadAssembly
Symbol file LoadedFromMemory doesn't match image C:\Users\charl\Desktop\cours artfx\GAME3\prog\Advanced shader\Library\PackageCache\com.unity.visualscripting@1.7.5\Editor\VisualScripting.Core\Dependencies\YamlDotNet\Unity.VisualScripting.YamlDotNet.dll
Symbol file LoadedFromMemory doesn't match image C:\Users\charl\Desktop\cours artfx\GAME3\prog\Advanced shader\Library\PackageCache\com.unity.visualscripting@1.7.5\Editor\VisualScripting.Core\Dependencies\DotNetZip\Unity.VisualScripting.IonicZip.dll
Native extension for WindowsStandalone target not found
Refreshing native plugins compatible for Editor in 0.81 ms, found 3 plugins.
Preloading 0 native plugins for Editor in 0.00 ms.
Mono: successfully reloaded assembly
- Completed reload, in  1.219 seconds
Domain Reload Profiling:
	ReloadAssembly (1220ms)
		BeginReloadAssembly (152ms)
			ExecutionOrderSort (0ms)
			DisableScriptedObjects (6ms)
			BackupInstance (0ms)
			ReleaseScriptingObjects (0ms)
			CreateAndSetChildDomain (38ms)
		EndReloadAssembly (948ms)
			LoadAssemblies (102ms)
			RebuildTransferFunctionScriptingTraits (0ms)
			SetupTypeCache (273ms)
			ReleaseScriptCaches (1ms)
			RebuildScriptCaches (51ms)
			SetupLoadedEditorAssemblies (379ms)
				LogAssemblyErrors (0ms)
				InitializePlatformSupportModulesInManaged (16ms)
				SetLoadedEditorAssemblies (1ms)
				RefreshPlugins (1ms)
				BeforeProcessingInitializeOnLoad (76ms)
				ProcessInitializeOnLoadAttributes (252ms)
				ProcessInitializeOnLoadMethodAttributes (29ms)
				AfterProcessingInitializeOnLoad (4ms)
				EditorAssembliesLoaded (0ms)
			ExecutionOrderSort2 (0ms)
			AwakeInstancesAfterBackupRestoration (19ms)
Platform modules already initialized, skipping
Refreshing native plugins compatible for Editor in 1.09 ms, found 3 plugins.
Preloading 0 native plugins for Editor in 0.00 ms.
Unloading 3086 Unused Serialized files (Serialized files now loaded: 0)
Unloading 19 unused Assets / (24.8 KB). Loaded Objects now: 3631.
Memory consumption went from 116.5 MB to 116.5 MB.
Total: 4.183400 ms (FindLiveObjects: 0.376900 ms CreateObjectMapping: 0.088800 ms MarkObjects: 3.634000 ms  DeleteObjects: 0.081600 ms)

AssetImportParameters requested are different than current active one (requested -> active):
  custom:video-decoder-ogg-theora: a1e56fd34408186e4bbccfd4996cb3dc -> 
  custom:container-muxer-webm: aa71ff27fc2769a1b78a27578f13a17b -> 
  custom:container-demuxer-webm: 4f35f7cbe854078d1ac9338744f61a02 -> 
  custom:video-encoder-webm-vp8: eb34c28f22e8b96e1ab97ce403110664 -> 
  custom:audio-encoder-webm-vorbis: bf7c407c2cedff20999df2af8eb42d56 -> 
  custom:framework-win-MediaFoundation: 216162199b28c13a410421893ffa2e32 -> 
  custom:container-demuxer-ogg: 62fdf1f143b41e24485cea50d1cbac27 -> 
  custom:video-decoder-webm-vp8: 9c59270c3fd7afecdb556c50c9e8de78 -> 
  custom:audio-decoder-ogg-vorbis: bf7c407c2cedff20999df2af8eb42d56 -> 
========================================================================
Received Import Request.
  Time since last request: 981.181731 seconds.
  path: Assets/Material/Scene2/Bokeh_Material.mat
  artifactKey: Guid(4f828bacece860748a52cd476220accc) Importer(815301076,1909f56bfc062723c751e8b465ee728b)
Start importing Assets/Material/Scene2/Bokeh_Material.mat using Guid(4f828bacece860748a52cd476220accc) Importer(815301076,1909f56bfc062723c751e8b465ee728b)  -> (artifact id: '067caa775ca916b3e630a0502c02244c') in 0.489779 seconds 
========================================================================
Received Import Request.
  Time since last request: 20.902246 seconds.
  path: Assets/Material/Scene2/Materials/earth-flag.mat
  artifactKey: Guid(89065a51a8b9b544cb9f1e45447764de) Importer(815301076,1909f56bfc062723c751e8b465ee728b)
Start importing Assets/Material/Scene2/Materials/earth-flag.mat using Guid(89065a51a8b9b544cb9f1e45447764de) Importer(815301076,1909f56bfc062723c751e8b465ee728b)  -> (artifact id: 'da06ba32d04d11682ea48ba01d2f8520') in 0.028416 seconds 
========================================================================
Received Import Request.
  Time since last request: 48.028291 seconds.
  path: Assets/Scenes/JellyFishScene.unity
  artifactKey: Guid(09be93413a96b9d4586e973ce276bd8d) Importer(815301076,1909f56bfc062723c751e8b465ee728b)
Start importing Assets/Scenes/JellyFishScene.unity using Guid(09be93413a96b9d4586e973ce276bd8d) Importer(815301076,1909f56bfc062723c751e8b465ee728b)  -> (artifact id: '69559657bf66e0dd643ec4f54caa9057') in 0.002929 seconds 
========================================================================
Received Import Request.
  Time since last request: 16.909906 seconds.
  path: Assets/jellyFish_hood.fbx
  artifactKey: Guid(b3818e0e74043474da1e388986f2a792) Importer(815301076,1909f56bfc062723c751e8b465ee728b)
Start importing Assets/jellyFish_hood.fbx using Guid(b3818e0e74043474da1e388986f2a792) Importer(815301076,1909f56bfc062723c751e8b465ee728b)  -> (artifact id: 'd76032d10cd1096fedaa8a0453bb82e9') in 0.047092 seconds 
========================================================================
Received Import Request.
  Time since last request: 4.139187 seconds.
  path: Assets/jellyFish_03.jpg
  artifactKey: Guid(69251d8dad0711542bd266d1c265285e) Importer(815301076,1909f56bfc062723c751e8b465ee728b)
Start importing Assets/jellyFish_03.jpg using Guid(69251d8dad0711542bd266d1c265285e) Importer(815301076,1909f56bfc062723c751e8b465ee728b)  -> (artifact id: 'a86ea640ae0769ecc2c53d26f40dc544') in 0.021645 seconds 
========================================================================
Received Import Request.
  Time since last request: 0.000029 seconds.
  path: Assets/tentacle_01.png
  artifactKey: Guid(8af05d56a4142d446a7a1cd4fc293238) Importer(815301076,1909f56bfc062723c751e8b465ee728b)
Start importing Assets/tentacle_01.png using Guid(8af05d56a4142d446a7a1cd4fc293238) Importer(815301076,1909f56bfc062723c751e8b465ee728b)  -> (artifact id: '637928761ee215657fcb4ff7a2d26f97') in 0.018300 seconds 
========================================================================
Received Import Request.
  Time since last request: 0.000028 seconds.
  path: Assets/jellyFish_hood.fbx
  artifactKey: Guid(b3818e0e74043474da1e388986f2a792) Importer(815301076,1909f56bfc062723c751e8b465ee728b)
Start importing Assets/jellyFish_hood.fbx using Guid(b3818e0e74043474da1e388986f2a792) Importer(815301076,1909f56bfc062723c751e8b465ee728b)  -> (artifact id: 'f96c093f3d82414ee17b2e9e50222728') in 0.030800 seconds 
Editor requested this worker to shutdown with reason: Scaling down because of idle timeout
AssetImportWorker is now disconnected from the server
Process exiting
Exiting without the bug reporter. Application will terminate with return code 0