Using pre-set license
Built from '2021.2/staging' branch; Version is '2021.2.5f1 (4ec9a5e799f5) revision 5163429'; Using compiler version '192829333'; Build Type 'Release'
OS: 'Windows 10  (10.0.19043) 64bit Professional' Language: 'fr' Physical Memory: 16322 MB
BatchMode: 1, IsHumanControllingUs: 0, StartBugReporterOnCrash: 0, Is64bit: 1, IsPro: 0

COMMAND LINE ARGUMENTS:
D:\logiciel\2021.2.5f1\Editor\Unity.exe
-adb2
-batchMode
-noUpm
-name
AssetImportWorker0
-projectPath
C:/Users/charl/Desktop/cours artfx/GAME3/prog/Advanced shader
-logFile
Logs/AssetImportWorker0.log
-srvPort
54323
Successfully changed project path to: C:/Users/charl/Desktop/cours artfx/GAME3/prog/Advanced shader
C:/Users/charl/Desktop/cours artfx/GAME3/prog/Advanced shader
[UnityMemory] Configuration Parameters - Can be set up in boot.config
    "memorysetup-bucket-allocator-granularity=16"
    "memorysetup-bucket-allocator-bucket-count=8"
    "memorysetup-bucket-allocator-block-size=33554432"
    "memorysetup-bucket-allocator-block-count=8"
    "memorysetup-main-allocator-block-size=16777216"
    "memorysetup-thread-allocator-block-size=16777216"
    "memorysetup-gfx-main-allocator-block-size=16777216"
    "memorysetup-gfx-thread-allocator-block-size=16777216"
    "memorysetup-cache-allocator-block-size=4194304"
    "memorysetup-typetree-allocator-block-size=2097152"
    "memorysetup-profiler-bucket-allocator-granularity=16"
    "memorysetup-profiler-bucket-allocator-bucket-count=8"
    "memorysetup-profiler-bucket-allocator-block-size=33554432"
    "memorysetup-profiler-bucket-allocator-block-count=8"
    "memorysetup-profiler-allocator-block-size=16777216"
    "memorysetup-profiler-editor-allocator-block-size=1048576"
    "memorysetup-temp-allocator-size-main=16777216"
    "memorysetup-job-temp-allocator-block-size=2097152"
    "memorysetup-job-temp-allocator-block-size-background=1048576"
    "memorysetup-job-temp-allocator-reduction-small-platforms=262144"
    "memorysetup-temp-allocator-size-background-worker=32768"
    "memorysetup-temp-allocator-size-job-worker=262144"
    "memorysetup-temp-allocator-size-preload-manager=33554432"
    "memorysetup-temp-allocator-size-nav-mesh-worker=65536"
    "memorysetup-temp-allocator-size-audio-worker=65536"
    "memorysetup-temp-allocator-size-cloud-worker=32768"
    "memorysetup-temp-allocator-size-gi-baking-worker=262144"
    "memorysetup-temp-allocator-size-gfx=262144"
Refreshing native plugins compatible for Editor in 77.44 ms, found 3 plugins.
Preloading 0 native plugins for Editor in 0.00 ms.
Initialize engine version: 2021.2.5f1 (4ec9a5e799f5)
[Subsystems] Discovering subsystems at path D:/logiciel/2021.2.5f1/Editor/Data/Resources/UnitySubsystems
[Subsystems] Discovering subsystems at path C:/Users/charl/Desktop/cours artfx/GAME3/prog/Advanced shader/Assets
GfxDevice: creating device client; threaded=0; jobified=0
Direct3D:
    Version:  Direct3D 11.0 [level 11.1]
    Renderer: NVIDIA GeForce RTX 2060 (ID=0x1f08)
    Vendor:   NVIDIA
    VRAM:     5980 MB
    Driver:   30.0.14.7168
Initialize mono
Mono path[0] = 'D:/logiciel/2021.2.5f1/Editor/Data/Managed'
Mono path[1] = 'D:/logiciel/2021.2.5f1/Editor/Data/MonoBleedingEdge/lib/mono/unityjit-win32'
Mono config path = 'D:/logiciel/2021.2.5f1/Editor/Data/MonoBleedingEdge/etc'
Using monoOptions --debugger-agent=transport=dt_socket,embedding=1,server=y,suspend=n,address=127.0.0.1:56544
Begin MonoManager ReloadAssembly
Registering precompiled unity dll's ...
Register platform support module: D:/logiciel/2021.2.5f1/Editor/Data/PlaybackEngines/WindowsStandaloneSupport/UnityEditor.WindowsStandalone.Extensions.dll
Registered in 0.004935 seconds.
Native extension for WindowsStandalone target not found
Refreshing native plugins compatible for Editor in 95.63 ms, found 3 plugins.
Preloading 0 native plugins for Editor in 0.00 ms.
Mono: successfully reloaded assembly
- Completed reload, in  0.819 seconds
Domain Reload Profiling:
	ReloadAssembly (820ms)
		BeginReloadAssembly (86ms)
			ExecutionOrderSort (0ms)
			DisableScriptedObjects (0ms)
			BackupInstance (0ms)
			ReleaseScriptingObjects (0ms)
			CreateAndSetChildDomain (1ms)
		EndReloadAssembly (646ms)
			LoadAssemblies (85ms)
			RebuildTransferFunctionScriptingTraits (0ms)
			SetupTypeCache (145ms)
			ReleaseScriptCaches (0ms)
			RebuildScriptCaches (37ms)
			SetupLoadedEditorAssemblies (396ms)
				LogAssemblyErrors (0ms)
				InitializePlatformSupportModulesInManaged (20ms)
				SetLoadedEditorAssemblies (0ms)
				RefreshPlugins (96ms)
				BeforeProcessingInitializeOnLoad (2ms)
				ProcessInitializeOnLoadAttributes (208ms)
				ProcessInitializeOnLoadMethodAttributes (70ms)
				AfterProcessingInitializeOnLoad (0ms)
				EditorAssembliesLoaded (0ms)
			ExecutionOrderSort2 (0ms)
			AwakeInstancesAfterBackupRestoration (0ms)
Platform modules already initialized, skipping
Registering precompiled user dll's ...
Registered in 0.010907 seconds.
Begin MonoManager ReloadAssembly
Symbol file LoadedFromMemory doesn't match image C:\Users\charl\Desktop\cours artfx\GAME3\prog\Advanced shader\Library\PackageCache\com.unity.visualscripting@1.7.5\Editor\VisualScripting.Core\Dependencies\YamlDotNet\Unity.VisualScripting.YamlDotNet.dll
Symbol file LoadedFromMemory doesn't match image C:\Users\charl\Desktop\cours artfx\GAME3\prog\Advanced shader\Library\PackageCache\com.unity.visualscripting@1.7.5\Editor\VisualScripting.Core\Dependencies\DotNetZip\Unity.VisualScripting.IonicZip.dll
Native extension for WindowsStandalone target not found
Refreshing native plugins compatible for Editor in 0.74 ms, found 3 plugins.
Preloading 0 native plugins for Editor in 0.00 ms.
Mono: successfully reloaded assembly
- Completed reload, in  1.227 seconds
Domain Reload Profiling:
	ReloadAssembly (1228ms)
		BeginReloadAssembly (200ms)
			ExecutionOrderSort (0ms)
			DisableScriptedObjects (7ms)
			BackupInstance (0ms)
			ReleaseScriptingObjects (0ms)
			CreateAndSetChildDomain (20ms)
		EndReloadAssembly (921ms)
			LoadAssemblies (93ms)
			RebuildTransferFunctionScriptingTraits (0ms)
			SetupTypeCache (272ms)
			ReleaseScriptCaches (1ms)
			RebuildScriptCaches (53ms)
			SetupLoadedEditorAssemblies (390ms)
				LogAssemblyErrors (0ms)
				InitializePlatformSupportModulesInManaged (13ms)
				SetLoadedEditorAssemblies (1ms)
				RefreshPlugins (1ms)
				BeforeProcessingInitializeOnLoad (84ms)
				ProcessInitializeOnLoadAttributes (262ms)
				ProcessInitializeOnLoadMethodAttributes (26ms)
				AfterProcessingInitializeOnLoad (4ms)
				EditorAssembliesLoaded (0ms)
			ExecutionOrderSort2 (0ms)
			AwakeInstancesAfterBackupRestoration (11ms)
Platform modules already initialized, skipping
========================================================================
Worker process is ready to serve import requests
Launched and connected shader compiler UnityShaderCompiler.exe after 0.06 seconds
Refreshing native plugins compatible for Editor in 0.63 ms, found 3 plugins.
Preloading 0 native plugins for Editor in 0.00 ms.
Unloading 3100 Unused Serialized files (Serialized files now loaded: 0)
Unloading 27 unused Assets / (137.5 KB). Loaded Objects now: 3556.
Memory consumption went from 111.9 MB to 111.8 MB.
Total: 3.959600 ms (FindLiveObjects: 0.404300 ms CreateObjectMapping: 0.090200 ms MarkObjects: 3.224500 ms  DeleteObjects: 0.238300 ms)

AssetImportParameters requested are different than current active one (requested -> active):
  custom:video-decoder-ogg-theora: a1e56fd34408186e4bbccfd4996cb3dc -> 
  custom:container-muxer-webm: aa71ff27fc2769a1b78a27578f13a17b -> 
  custom:container-demuxer-webm: 4f35f7cbe854078d1ac9338744f61a02 -> 
  custom:video-encoder-webm-vp8: eb34c28f22e8b96e1ab97ce403110664 -> 
  custom:audio-encoder-webm-vorbis: bf7c407c2cedff20999df2af8eb42d56 -> 
  custom:framework-win-MediaFoundation: 216162199b28c13a410421893ffa2e32 -> 
  custom:container-demuxer-ogg: 62fdf1f143b41e24485cea50d1cbac27 -> 
  custom:video-decoder-webm-vp8: 9c59270c3fd7afecdb556c50c9e8de78 -> 
  custom:audio-decoder-ogg-vorbis: bf7c407c2cedff20999df2af8eb42d56 -> 
========================================================================
Received Import Request.
  Time since last request: 2083522.998252 seconds.
  path: Assets/Scenes/Scene2.unity
  artifactKey: Guid(464f5b35144ed6143a0c522b031d4c14) Importer(815301076,1909f56bfc062723c751e8b465ee728b)
Start importing Assets/Scenes/Scene2.unity using Guid(464f5b35144ed6143a0c522b031d4c14) Importer(815301076,1909f56bfc062723c751e8b465ee728b)  -> (artifact id: '4f555dab29fc0b7f62fcce51ee8384c9') in 0.017744 seconds 
========================================================================
Received Import Request.
  Time since last request: 0.525708 seconds.
  path: Assets/Shader/Bokeh.shader
  artifactKey: Guid(8f74e39ed22fc544786b1e4c407b6107) Importer(815301076,1909f56bfc062723c751e8b465ee728b)
Start importing Assets/Shader/Bokeh.shader using Guid(8f74e39ed22fc544786b1e4c407b6107) Importer(815301076,1909f56bfc062723c751e8b465ee728b)  -> (artifact id: '68667f47c67920eacb329d95a2383c59') in 0.029214 seconds 
========================================================================
Received Import Request.
  Time since last request: 3.944530 seconds.
  path: Assets/Shader/Circle.shader
  artifactKey: Guid(2e2ac129f340e0e47bdb9d98147ada4e) Importer(815301076,1909f56bfc062723c751e8b465ee728b)
Start importing Assets/Shader/Circle.shader using Guid(2e2ac129f340e0e47bdb9d98147ada4e) Importer(815301076,1909f56bfc062723c751e8b465ee728b)  -> (artifact id: '07d65ff963da7af577587da07f8b6f93') in 0.003429 seconds 
========================================================================
Received Import Request.
  Time since last request: 5.906632 seconds.
  path: Assets/Shader/Line.shader
  artifactKey: Guid(a5a765556054c164e8f2e11ebd259e61) Importer(815301076,1909f56bfc062723c751e8b465ee728b)
Start importing Assets/Shader/Line.shader using Guid(a5a765556054c164e8f2e11ebd259e61) Importer(815301076,1909f56bfc062723c751e8b465ee728b)  -> (artifact id: 'a00e9010eddc576aa570eae1bb638ff8') in 0.003616 seconds 
========================================================================
Received Import Request.
  Time since last request: 4.351980 seconds.
  path: Assets/Shader/Sqrt.shader
  artifactKey: Guid(196f4783af9519f43ab0cc487532acc0) Importer(815301076,1909f56bfc062723c751e8b465ee728b)
Start importing Assets/Shader/Sqrt.shader using Guid(196f4783af9519f43ab0cc487532acc0) Importer(815301076,1909f56bfc062723c751e8b465ee728b)  -> (artifact id: 'ce7304ab1a3086882a71155b8998a268') in 0.004738 seconds 
========================================================================
Received Import Request.
  Time since last request: 412.044460 seconds.
  path: Assets/Shader/Texture.shader
  artifactKey: Guid(48eee2fa349df144b82635e237c1e75d) Importer(815301076,1909f56bfc062723c751e8b465ee728b)
Start importing Assets/Shader/Texture.shader using Guid(48eee2fa349df144b82635e237c1e75d) Importer(815301076,1909f56bfc062723c751e8b465ee728b)  -> (artifact id: 'fe0f56623a63eb998e97149c4e4f979d') in 0.003116 seconds 
========================================================================
Received Prepare
Registering precompiled user dll's ...
Registered in 0.012176 seconds.
Begin MonoManager ReloadAssembly
Symbol file LoadedFromMemory doesn't match image C:\Users\charl\Desktop\cours artfx\GAME3\prog\Advanced shader\Library\PackageCache\com.unity.visualscripting@1.7.5\Editor\VisualScripting.Core\Dependencies\YamlDotNet\Unity.VisualScripting.YamlDotNet.dll
Symbol file LoadedFromMemory doesn't match image C:\Users\charl\Desktop\cours artfx\GAME3\prog\Advanced shader\Library\PackageCache\com.unity.visualscripting@1.7.5\Editor\VisualScripting.Core\Dependencies\DotNetZip\Unity.VisualScripting.IonicZip.dll
Native extension for WindowsStandalone target not found
Refreshing native plugins compatible for Editor in 0.86 ms, found 3 plugins.
Preloading 0 native plugins for Editor in 0.00 ms.
Mono: successfully reloaded assembly
- Completed reload, in  1.214 seconds
Domain Reload Profiling:
	ReloadAssembly (1215ms)
		BeginReloadAssembly (150ms)
			ExecutionOrderSort (0ms)
			DisableScriptedObjects (7ms)
			BackupInstance (0ms)
			ReleaseScriptingObjects (0ms)
			CreateAndSetChildDomain (34ms)
		EndReloadAssembly (951ms)
			LoadAssemblies (98ms)
			RebuildTransferFunctionScriptingTraits (0ms)
			SetupTypeCache (304ms)
			ReleaseScriptCaches (1ms)
			RebuildScriptCaches (49ms)
			SetupLoadedEditorAssemblies (375ms)
				LogAssemblyErrors (0ms)
				InitializePlatformSupportModulesInManaged (15ms)
				SetLoadedEditorAssemblies (1ms)
				RefreshPlugins (1ms)
				BeforeProcessingInitializeOnLoad (73ms)
				ProcessInitializeOnLoadAttributes (253ms)
				ProcessInitializeOnLoadMethodAttributes (28ms)
				AfterProcessingInitializeOnLoad (4ms)
				EditorAssembliesLoaded (0ms)
			ExecutionOrderSort2 (0ms)
			AwakeInstancesAfterBackupRestoration (11ms)
Platform modules already initialized, skipping
Refreshing native plugins compatible for Editor in 0.58 ms, found 3 plugins.
Preloading 0 native plugins for Editor in 0.00 ms.
Unloading 3089 Unused Serialized files (Serialized files now loaded: 0)
Unloading 22 unused Assets / (120.2 KB). Loaded Objects now: 3558.
Memory consumption went from 111.3 MB to 111.2 MB.
Total: 4.133800 ms (FindLiveObjects: 0.335000 ms CreateObjectMapping: 0.091300 ms MarkObjects: 3.561800 ms  DeleteObjects: 0.143700 ms)

AssetImportParameters requested are different than current active one (requested -> active):
  custom:video-decoder-ogg-theora: a1e56fd34408186e4bbccfd4996cb3dc -> 
  custom:container-muxer-webm: aa71ff27fc2769a1b78a27578f13a17b -> 
  custom:container-demuxer-webm: 4f35f7cbe854078d1ac9338744f61a02 -> 
  custom:video-encoder-webm-vp8: eb34c28f22e8b96e1ab97ce403110664 -> 
  custom:audio-encoder-webm-vorbis: bf7c407c2cedff20999df2af8eb42d56 -> 
  custom:framework-win-MediaFoundation: 216162199b28c13a410421893ffa2e32 -> 
  custom:container-demuxer-ogg: 62fdf1f143b41e24485cea50d1cbac27 -> 
  custom:video-decoder-webm-vp8: 9c59270c3fd7afecdb556c50c9e8de78 -> 
  custom:audio-decoder-ogg-vorbis: bf7c407c2cedff20999df2af8eb42d56 -> 
========================================================================
Received Import Request.
  Time since last request: 633.961436 seconds.
  path: Assets/Material/CircleFade_Material.mat
  artifactKey: Guid(94101297573ed0448a7e1c8ccdea05e4) Importer(815301076,1909f56bfc062723c751e8b465ee728b)
Start importing Assets/Material/CircleFade_Material.mat using Guid(94101297573ed0448a7e1c8ccdea05e4) Importer(815301076,1909f56bfc062723c751e8b465ee728b)  -> (artifact id: '2405b5bc5eb0c2b00f2497ecd5dd6b8b') in 0.195335 seconds 
========================================================================
Received Import Request.
  Time since last request: 0.000022 seconds.
  path: Assets/Material/StartMat.mat
  artifactKey: Guid(1551c087eed7b5a44a77e14a568a1f23) Importer(815301076,1909f56bfc062723c751e8b465ee728b)
Start importing Assets/Material/StartMat.mat using Guid(1551c087eed7b5a44a77e14a568a1f23) Importer(815301076,1909f56bfc062723c751e8b465ee728b)  -> (artifact id: '4020f881f82a6c50bb6ae05bfb5e0bdf') in 0.038869 seconds 
========================================================================
Received Import Request.
  Time since last request: 0.000033 seconds.
  path: Assets/Material/Red_Material.mat
  artifactKey: Guid(a063747996dbbbb49881733f324b4485) Importer(815301076,1909f56bfc062723c751e8b465ee728b)
Start importing Assets/Material/Red_Material.mat using Guid(a063747996dbbbb49881733f324b4485) Importer(815301076,1909f56bfc062723c751e8b465ee728b)  -> (artifact id: '377839c1846b69ce4dee56440edbf4a6') in 0.044267 seconds 
Editor requested this worker to shutdown with reason: Scaling down because of idle timeout
AssetImportWorker is now disconnected from the server
Process exiting
Exiting without the bug reporter. Application will terminate with return code 0