Using pre-set license
Built from '2021.2/staging' branch; Version is '2021.2.5f1 (4ec9a5e799f5) revision 5163429'; Using compiler version '192829333'; Build Type 'Release'
OS: 'Windows 10  (10.0.19043) 64bit Professional' Language: 'fr' Physical Memory: 16322 MB
BatchMode: 1, IsHumanControllingUs: 0, StartBugReporterOnCrash: 0, Is64bit: 1, IsPro: 0

COMMAND LINE ARGUMENTS:
D:\logiciel\2021.2.5f1\Editor\Unity.exe
-adb2
-batchMode
-noUpm
-name
AssetImportWorker2
-projectPath
C:/Users/charl/Desktop/cours artfx/GAME3/prog/Advanced shader
-logFile
Logs/AssetImportWorker2.log
-srvPort
58879
Successfully changed project path to: C:/Users/charl/Desktop/cours artfx/GAME3/prog/Advanced shader
C:/Users/charl/Desktop/cours artfx/GAME3/prog/Advanced shader
[UnityMemory] Configuration Parameters - Can be set up in boot.config
    "memorysetup-bucket-allocator-granularity=16"
    "memorysetup-bucket-allocator-bucket-count=8"
    "memorysetup-bucket-allocator-block-size=33554432"
    "memorysetup-bucket-allocator-block-count=8"
    "memorysetup-main-allocator-block-size=16777216"
    "memorysetup-thread-allocator-block-size=16777216"
    "memorysetup-gfx-main-allocator-block-size=16777216"
    "memorysetup-gfx-thread-allocator-block-size=16777216"
    "memorysetup-cache-allocator-block-size=4194304"
    "memorysetup-typetree-allocator-block-size=2097152"
    "memorysetup-profiler-bucket-allocator-granularity=16"
    "memorysetup-profiler-bucket-allocator-bucket-count=8"
    "memorysetup-profiler-bucket-allocator-block-size=33554432"
    "memorysetup-profiler-bucket-allocator-block-count=8"
    "memorysetup-profiler-allocator-block-size=16777216"
    "memorysetup-profiler-editor-allocator-block-size=1048576"
    "memorysetup-temp-allocator-size-main=16777216"
    "memorysetup-job-temp-allocator-block-size=2097152"
    "memorysetup-job-temp-allocator-block-size-background=1048576"
    "memorysetup-job-temp-allocator-reduction-small-platforms=262144"
    "memorysetup-temp-allocator-size-background-worker=32768"
    "memorysetup-temp-allocator-size-job-worker=262144"
    "memorysetup-temp-allocator-size-preload-manager=33554432"
    "memorysetup-temp-allocator-size-nav-mesh-worker=65536"
    "memorysetup-temp-allocator-size-audio-worker=65536"
    "memorysetup-temp-allocator-size-cloud-worker=32768"
    "memorysetup-temp-allocator-size-gi-baking-worker=262144"
    "memorysetup-temp-allocator-size-gfx=262144"
Refreshing native plugins compatible for Editor in 76.55 ms, found 3 plugins.
Preloading 0 native plugins for Editor in 0.00 ms.
Initialize engine version: 2021.2.5f1 (4ec9a5e799f5)
[Subsystems] Discovering subsystems at path D:/logiciel/2021.2.5f1/Editor/Data/Resources/UnitySubsystems
[Subsystems] Discovering subsystems at path C:/Users/charl/Desktop/cours artfx/GAME3/prog/Advanced shader/Assets
GfxDevice: creating device client; threaded=0; jobified=0
Direct3D:
    Version:  Direct3D 11.0 [level 11.1]
    Renderer: NVIDIA GeForce RTX 2060 (ID=0x1f08)
    Vendor:   NVIDIA
    VRAM:     5980 MB
    Driver:   30.0.14.7168
Initialize mono
Mono path[0] = 'D:/logiciel/2021.2.5f1/Editor/Data/Managed'
Mono path[1] = 'D:/logiciel/2021.2.5f1/Editor/Data/MonoBleedingEdge/lib/mono/unityjit-win32'
Mono config path = 'D:/logiciel/2021.2.5f1/Editor/Data/MonoBleedingEdge/etc'
Using monoOptions --debugger-agent=transport=dt_socket,embedding=1,server=y,suspend=n,address=127.0.0.1:56328
Begin MonoManager ReloadAssembly
Registering precompiled unity dll's ...
Register platform support module: D:/logiciel/2021.2.5f1/Editor/Data/PlaybackEngines/WindowsStandaloneSupport/UnityEditor.WindowsStandalone.Extensions.dll
Registered in 0.005795 seconds.
Native extension for WindowsStandalone target not found
Refreshing native plugins compatible for Editor in 87.08 ms, found 3 plugins.
Preloading 0 native plugins for Editor in 0.00 ms.
Mono: successfully reloaded assembly
- Completed reload, in  0.774 seconds
Domain Reload Profiling:
	ReloadAssembly (774ms)
		BeginReloadAssembly (97ms)
			ExecutionOrderSort (0ms)
			DisableScriptedObjects (0ms)
			BackupInstance (0ms)
			ReleaseScriptingObjects (0ms)
			CreateAndSetChildDomain (1ms)
		EndReloadAssembly (585ms)
			LoadAssemblies (96ms)
			RebuildTransferFunctionScriptingTraits (0ms)
			SetupTypeCache (147ms)
			ReleaseScriptCaches (0ms)
			RebuildScriptCaches (34ms)
			SetupLoadedEditorAssemblies (335ms)
				LogAssemblyErrors (0ms)
				InitializePlatformSupportModulesInManaged (18ms)
				SetLoadedEditorAssemblies (0ms)
				RefreshPlugins (87ms)
				BeforeProcessingInitializeOnLoad (1ms)
				ProcessInitializeOnLoadAttributes (172ms)
				ProcessInitializeOnLoadMethodAttributes (57ms)
				AfterProcessingInitializeOnLoad (0ms)
				EditorAssembliesLoaded (0ms)
			ExecutionOrderSort2 (0ms)
			AwakeInstancesAfterBackupRestoration (0ms)
Platform modules already initialized, skipping
Registering precompiled user dll's ...
Registered in 0.010135 seconds.
Begin MonoManager ReloadAssembly
Symbol file LoadedFromMemory doesn't match image C:\Users\charl\Desktop\cours artfx\GAME3\prog\Advanced shader\Library\PackageCache\com.unity.visualscripting@1.7.5\Editor\VisualScripting.Core\Dependencies\YamlDotNet\Unity.VisualScripting.YamlDotNet.dll
Symbol file LoadedFromMemory doesn't match image C:\Users\charl\Desktop\cours artfx\GAME3\prog\Advanced shader\Library\PackageCache\com.unity.visualscripting@1.7.5\Editor\VisualScripting.Core\Dependencies\DotNetZip\Unity.VisualScripting.IonicZip.dll
Native extension for WindowsStandalone target not found
Refreshing native plugins compatible for Editor in 0.56 ms, found 3 plugins.
Preloading 0 native plugins for Editor in 0.00 ms.
Mono: successfully reloaded assembly
- Completed reload, in  1.162 seconds
Domain Reload Profiling:
	ReloadAssembly (1163ms)
		BeginReloadAssembly (187ms)
			ExecutionOrderSort (0ms)
			DisableScriptedObjects (7ms)
			BackupInstance (0ms)
			ReleaseScriptingObjects (0ms)
			CreateAndSetChildDomain (20ms)
		EndReloadAssembly (870ms)
			LoadAssemblies (87ms)
			RebuildTransferFunctionScriptingTraits (0ms)
			SetupTypeCache (245ms)
			ReleaseScriptCaches (1ms)
			RebuildScriptCaches (53ms)
			SetupLoadedEditorAssemblies (375ms)
				LogAssemblyErrors (0ms)
				InitializePlatformSupportModulesInManaged (13ms)
				SetLoadedEditorAssemblies (1ms)
				RefreshPlugins (1ms)
				BeforeProcessingInitializeOnLoad (79ms)
				ProcessInitializeOnLoadAttributes (253ms)
				ProcessInitializeOnLoadMethodAttributes (26ms)
				AfterProcessingInitializeOnLoad (4ms)
				EditorAssembliesLoaded (0ms)
			ExecutionOrderSort2 (0ms)
			AwakeInstancesAfterBackupRestoration (10ms)
Platform modules already initialized, skipping
========================================================================
Worker process is ready to serve import requests
Launched and connected shader compiler UnityShaderCompiler.exe after 0.05 seconds
Refreshing native plugins compatible for Editor in 0.57 ms, found 3 plugins.
Preloading 0 native plugins for Editor in 0.00 ms.
Unloading 3101 Unused Serialized files (Serialized files now loaded: 0)
Unloading 23 unused Assets / (56.6 KB). Loaded Objects now: 3561.
Memory consumption went from 112.0 MB to 112.0 MB.
Total: 3.474600 ms (FindLiveObjects: 0.311000 ms CreateObjectMapping: 0.080000 ms MarkObjects: 2.980600 ms  DeleteObjects: 0.101400 ms)

AssetImportParameters requested are different than current active one (requested -> active):
  custom:video-decoder-ogg-theora: a1e56fd34408186e4bbccfd4996cb3dc -> 
  custom:container-muxer-webm: aa71ff27fc2769a1b78a27578f13a17b -> 
  custom:container-demuxer-webm: 4f35f7cbe854078d1ac9338744f61a02 -> 
  custom:video-encoder-webm-vp8: eb34c28f22e8b96e1ab97ce403110664 -> 
  custom:audio-encoder-webm-vorbis: bf7c407c2cedff20999df2af8eb42d56 -> 
  custom:framework-win-MediaFoundation: 216162199b28c13a410421893ffa2e32 -> 
  custom:container-demuxer-ogg: 62fdf1f143b41e24485cea50d1cbac27 -> 
  custom:video-decoder-webm-vp8: 9c59270c3fd7afecdb556c50c9e8de78 -> 
  custom:audio-decoder-ogg-vorbis: bf7c407c2cedff20999df2af8eb42d56 -> 
========================================================================
Received Import Request.
  Time since last request: 2137540.646956 seconds.
  path: Assets/Shader/VertAnimNormal.shader
  artifactKey: Guid(e29c395b48c4d7045abbd8ab837ab614) Importer(815301076,1909f56bfc062723c751e8b465ee728b)
Start importing Assets/Shader/VertAnimNormal.shader using Guid(e29c395b48c4d7045abbd8ab837ab614) Importer(815301076,1909f56bfc062723c751e8b465ee728b)  -> (artifact id: 'a732303bcb9760a57eb3afec458849f9') in 0.050539 seconds 
========================================================================
Received Import Request.
  Time since last request: 156.649273 seconds.
  path: Assets/Shader/VertAnimNormal.shader
  artifactKey: Guid(e29c395b48c4d7045abbd8ab837ab614) Importer(815301076,1909f56bfc062723c751e8b465ee728b)
Start importing Assets/Shader/VertAnimNormal.shader using Guid(e29c395b48c4d7045abbd8ab837ab614) Importer(815301076,1909f56bfc062723c751e8b465ee728b)  -> (artifact id: '1c339c904f752c43a909e38646f73d9d') in 0.003562 seconds 
========================================================================
Received Import Request.
  Time since last request: 26.997257 seconds.
  path: Assets/Material/Jellyfish
  artifactKey: Guid(8634d5b1f96b5534594a93af56d9d947) Importer(815301076,1909f56bfc062723c751e8b465ee728b)
Start importing Assets/Material/Jellyfish using Guid(8634d5b1f96b5534594a93af56d9d947) Importer(815301076,1909f56bfc062723c751e8b465ee728b)  -> (artifact id: '2dfdcf1d9cecfb1b8fde648934f334c8') in 0.002604 seconds 
========================================================================
Received Import Request.
  Time since last request: 22.816349 seconds.
  path: Assets/Material/Scene 1
  artifactKey: Guid(0275fe42e9d794648ae1ed3a8124dff7) Importer(815301076,1909f56bfc062723c751e8b465ee728b)
Start importing Assets/Material/Scene 1 using Guid(0275fe42e9d794648ae1ed3a8124dff7) Importer(815301076,1909f56bfc062723c751e8b465ee728b)  -> (artifact id: 'a013323428b94208253d20969b9aff55') in 0.002963 seconds 
========================================================================
Received Import Request.
  Time since last request: 122.036256 seconds.
  path: Assets/Material/Jellyfish/Jellyfish_material.mat
  artifactKey: Guid(404ce7f119e319e43bf489486d6199df) Importer(815301076,1909f56bfc062723c751e8b465ee728b)
Start importing Assets/Material/Jellyfish/Jellyfish_material.mat using Guid(404ce7f119e319e43bf489486d6199df) Importer(815301076,1909f56bfc062723c751e8b465ee728b)  -> (artifact id: '5b70f5b391d42416061c4db7fe3237c6') in 0.123371 seconds 
========================================================================
Received Import Request.
  Time since last request: 67.966456 seconds.
  path: Assets/Material/Jellyfish/Tentacles_Material.mat
  artifactKey: Guid(5a72dbea03934b34a9daf7904224aaa0) Importer(815301076,1909f56bfc062723c751e8b465ee728b)
Start importing Assets/Material/Jellyfish/Tentacles_Material.mat using Guid(5a72dbea03934b34a9daf7904224aaa0) Importer(815301076,1909f56bfc062723c751e8b465ee728b)  -> (artifact id: 'cac7a6aadf4ecd6a7eb199bdfd3c156a') in 0.010554 seconds 
========================================================================
Received Import Request.
  Time since last request: 93.527560 seconds.
  path: Assets/Shader/VertAnimTentacle.shader
  artifactKey: Guid(acbb7029733ce074fa8f9fc9a010eac0) Importer(815301076,1909f56bfc062723c751e8b465ee728b)
Start importing Assets/Shader/VertAnimTentacle.shader using Guid(acbb7029733ce074fa8f9fc9a010eac0) Importer(815301076,1909f56bfc062723c751e8b465ee728b)  -> (artifact id: '89254ff06c22b85ca68c6996c18b4df2') in 0.004174 seconds 
========================================================================
Received Import Request.
  Time since last request: 10.138806 seconds.
  path: Assets/Shader/VertAnimTentacle.shader
  artifactKey: Guid(acbb7029733ce074fa8f9fc9a010eac0) Importer(815301076,1909f56bfc062723c751e8b465ee728b)
Start importing Assets/Shader/VertAnimTentacle.shader using Guid(acbb7029733ce074fa8f9fc9a010eac0) Importer(815301076,1909f56bfc062723c751e8b465ee728b)  -> (artifact id: 'b3bd9d03051b6a725f1cb098b78d8e61') in 0.003252 seconds 
========================================================================
Received Prepare
Registering precompiled user dll's ...
Registered in 0.011388 seconds.
Begin MonoManager ReloadAssembly
Symbol file LoadedFromMemory doesn't match image C:\Users\charl\Desktop\cours artfx\GAME3\prog\Advanced shader\Library\PackageCache\com.unity.visualscripting@1.7.5\Editor\VisualScripting.Core\Dependencies\YamlDotNet\Unity.VisualScripting.YamlDotNet.dll
Symbol file LoadedFromMemory doesn't match image C:\Users\charl\Desktop\cours artfx\GAME3\prog\Advanced shader\Library\PackageCache\com.unity.visualscripting@1.7.5\Editor\VisualScripting.Core\Dependencies\DotNetZip\Unity.VisualScripting.IonicZip.dll
Native extension for WindowsStandalone target not found
Refreshing native plugins compatible for Editor in 0.82 ms, found 3 plugins.
Preloading 0 native plugins for Editor in 0.00 ms.
Mono: successfully reloaded assembly
- Completed reload, in  1.195 seconds
Domain Reload Profiling:
	ReloadAssembly (1196ms)
		BeginReloadAssembly (149ms)
			ExecutionOrderSort (0ms)
			DisableScriptedObjects (5ms)
			BackupInstance (0ms)
			ReleaseScriptingObjects (0ms)
			CreateAndSetChildDomain (38ms)
		EndReloadAssembly (926ms)
			LoadAssemblies (92ms)
			RebuildTransferFunctionScriptingTraits (0ms)
			SetupTypeCache (286ms)
			ReleaseScriptCaches (1ms)
			RebuildScriptCaches (50ms)
			SetupLoadedEditorAssemblies (359ms)
				LogAssemblyErrors (0ms)
				InitializePlatformSupportModulesInManaged (14ms)
				SetLoadedEditorAssemblies (1ms)
				RefreshPlugins (1ms)
				BeforeProcessingInitializeOnLoad (70ms)
				ProcessInitializeOnLoadAttributes (238ms)
				ProcessInitializeOnLoadMethodAttributes (31ms)
				AfterProcessingInitializeOnLoad (4ms)
				EditorAssembliesLoaded (0ms)
			ExecutionOrderSort2 (0ms)
			AwakeInstancesAfterBackupRestoration (12ms)
Platform modules already initialized, skipping
Refreshing native plugins compatible for Editor in 0.55 ms, found 3 plugins.
Preloading 0 native plugins for Editor in 0.00 ms.
Unloading 3087 Unused Serialized files (Serialized files now loaded: 0)
Unloading 20 unused Assets / (74.8 KB). Loaded Objects now: 3602.
Memory consumption went from 115.9 MB to 115.8 MB.
Total: 3.432500 ms (FindLiveObjects: 0.298600 ms CreateObjectMapping: 0.096200 ms MarkObjects: 2.935900 ms  DeleteObjects: 0.100200 ms)

AssetImportParameters requested are different than current active one (requested -> active):
  custom:video-decoder-ogg-theora: a1e56fd34408186e4bbccfd4996cb3dc -> 
  custom:container-muxer-webm: aa71ff27fc2769a1b78a27578f13a17b -> 
  custom:container-demuxer-webm: 4f35f7cbe854078d1ac9338744f61a02 -> 
  custom:video-encoder-webm-vp8: eb34c28f22e8b96e1ab97ce403110664 -> 
  custom:audio-encoder-webm-vorbis: bf7c407c2cedff20999df2af8eb42d56 -> 
  custom:framework-win-MediaFoundation: 216162199b28c13a410421893ffa2e32 -> 
  custom:container-demuxer-ogg: 62fdf1f143b41e24485cea50d1cbac27 -> 
  custom:video-decoder-webm-vp8: 9c59270c3fd7afecdb556c50c9e8de78 -> 
  custom:audio-decoder-ogg-vorbis: bf7c407c2cedff20999df2af8eb42d56 -> 
========================================================================
Received Prepare
Registering precompiled user dll's ...
Registered in 0.011296 seconds.
Begin MonoManager ReloadAssembly
Symbol file LoadedFromMemory doesn't match image C:\Users\charl\Desktop\cours artfx\GAME3\prog\Advanced shader\Library\PackageCache\com.unity.visualscripting@1.7.5\Editor\VisualScripting.Core\Dependencies\YamlDotNet\Unity.VisualScripting.YamlDotNet.dll
Symbol file LoadedFromMemory doesn't match image C:\Users\charl\Desktop\cours artfx\GAME3\prog\Advanced shader\Library\PackageCache\com.unity.visualscripting@1.7.5\Editor\VisualScripting.Core\Dependencies\DotNetZip\Unity.VisualScripting.IonicZip.dll
Native extension for WindowsStandalone target not found
Refreshing native plugins compatible for Editor in 0.79 ms, found 3 plugins.
Preloading 0 native plugins for Editor in 0.00 ms.
Mono: successfully reloaded assembly
- Completed reload, in  1.221 seconds
Domain Reload Profiling:
	ReloadAssembly (1221ms)
		BeginReloadAssembly (141ms)
			ExecutionOrderSort (0ms)
			DisableScriptedObjects (7ms)
			BackupInstance (0ms)
			ReleaseScriptingObjects (0ms)
			CreateAndSetChildDomain (33ms)
		EndReloadAssembly (956ms)
			LoadAssemblies (94ms)
			RebuildTransferFunctionScriptingTraits (0ms)
			SetupTypeCache (310ms)
			ReleaseScriptCaches (2ms)
			RebuildScriptCaches (50ms)
			SetupLoadedEditorAssemblies (369ms)
				LogAssemblyErrors (0ms)
				InitializePlatformSupportModulesInManaged (14ms)
				SetLoadedEditorAssemblies (1ms)
				RefreshPlugins (1ms)
				BeforeProcessingInitializeOnLoad (74ms)
				ProcessInitializeOnLoadAttributes (243ms)
				ProcessInitializeOnLoadMethodAttributes (32ms)
				AfterProcessingInitializeOnLoad (4ms)
				EditorAssembliesLoaded (0ms)
			ExecutionOrderSort2 (0ms)
			AwakeInstancesAfterBackupRestoration (11ms)
Platform modules already initialized, skipping
Refreshing native plugins compatible for Editor in 0.65 ms, found 3 plugins.
Preloading 0 native plugins for Editor in 0.00 ms.
Unloading 3087 Unused Serialized files (Serialized files now loaded: 0)
Unloading 20 unused Assets / (74.5 KB). Loaded Objects now: 3604.
Memory consumption went from 115.9 MB to 115.8 MB.
Total: 3.995000 ms (FindLiveObjects: 0.367600 ms CreateObjectMapping: 0.086600 ms MarkObjects: 3.430000 ms  DeleteObjects: 0.107900 ms)

AssetImportParameters requested are different than current active one (requested -> active):
  custom:video-decoder-ogg-theora: a1e56fd34408186e4bbccfd4996cb3dc -> 
  custom:container-muxer-webm: aa71ff27fc2769a1b78a27578f13a17b -> 
  custom:container-demuxer-webm: 4f35f7cbe854078d1ac9338744f61a02 -> 
  custom:video-encoder-webm-vp8: eb34c28f22e8b96e1ab97ce403110664 -> 
  custom:audio-encoder-webm-vorbis: bf7c407c2cedff20999df2af8eb42d56 -> 
  custom:framework-win-MediaFoundation: 216162199b28c13a410421893ffa2e32 -> 
  custom:container-demuxer-ogg: 62fdf1f143b41e24485cea50d1cbac27 -> 
  custom:video-decoder-webm-vp8: 9c59270c3fd7afecdb556c50c9e8de78 -> 
  custom:audio-decoder-ogg-vorbis: bf7c407c2cedff20999df2af8eb42d56 -> 
========================================================================
Received Import Request.
  Time since last request: 1399.392179 seconds.
  path: Assets/Shader/NormalMap.shader
  artifactKey: Guid(77bae2b90db4d5b4e81e8de92e81a586) Importer(815301076,1909f56bfc062723c751e8b465ee728b)
Start importing Assets/Shader/NormalMap.shader using Guid(77bae2b90db4d5b4e81e8de92e81a586) Importer(815301076,1909f56bfc062723c751e8b465ee728b)  -> (artifact id: '28d244cea908a48877660d8a82aca097') in 0.017004 seconds 
========================================================================
Received Import Request.
  Time since last request: 618.207151 seconds.
  path: Assets/Shader/NormalMap.shader
  artifactKey: Guid(77bae2b90db4d5b4e81e8de92e81a586) Importer(815301076,1909f56bfc062723c751e8b465ee728b)
Start importing Assets/Shader/NormalMap.shader using Guid(77bae2b90db4d5b4e81e8de92e81a586) Importer(815301076,1909f56bfc062723c751e8b465ee728b)  -> (artifact id: '24c49a4ee58a6057e8274ccb33ac813c') in 0.004218 seconds 
========================================================================
Received Import Request.
  Time since last request: 16.782577 seconds.
  path: Assets/Shader/NormalMap.shader
  artifactKey: Guid(77bae2b90db4d5b4e81e8de92e81a586) Importer(815301076,1909f56bfc062723c751e8b465ee728b)
Start importing Assets/Shader/NormalMap.shader using Guid(77bae2b90db4d5b4e81e8de92e81a586) Importer(815301076,1909f56bfc062723c751e8b465ee728b)  -> (artifact id: 'ffc609b5c5c3662f09ec48ecd0cd8e14') in 0.003636 seconds 
========================================================================
Received Import Request.
  Time since last request: 322.618502 seconds.
  path: Assets/Shader/NormalMap.shader
  artifactKey: Guid(77bae2b90db4d5b4e81e8de92e81a586) Importer(815301076,1909f56bfc062723c751e8b465ee728b)
Start importing Assets/Shader/NormalMap.shader using Guid(77bae2b90db4d5b4e81e8de92e81a586) Importer(815301076,1909f56bfc062723c751e8b465ee728b)  -> (artifact id: '1acb7d8bddb054b1964e4b4baf0f93f3') in 0.003210 seconds 
========================================================================
Received Import Request.
  Time since last request: 11.445882 seconds.
  path: Assets/Shader/NormalMap.shader
  artifactKey: Guid(77bae2b90db4d5b4e81e8de92e81a586) Importer(815301076,1909f56bfc062723c751e8b465ee728b)
Start importing Assets/Shader/NormalMap.shader using Guid(77bae2b90db4d5b4e81e8de92e81a586) Importer(815301076,1909f56bfc062723c751e8b465ee728b)  -> (artifact id: 'ab799bd0a8414009ae7dbe2c9c98d4ef') in 0.002920 seconds 
========================================================================
Received Import Request.
  Time since last request: 5.860964 seconds.
  path: Assets/Shader/NormalMap.shader
  artifactKey: Guid(77bae2b90db4d5b4e81e8de92e81a586) Importer(815301076,1909f56bfc062723c751e8b465ee728b)
Start importing Assets/Shader/NormalMap.shader using Guid(77bae2b90db4d5b4e81e8de92e81a586) Importer(815301076,1909f56bfc062723c751e8b465ee728b)  -> (artifact id: 'c55f0491a19fc6f3f962290808c8a85e') in 0.003191 seconds 
========================================================================
Received Import Request.
  Time since last request: 393.896642 seconds.
  path: Assets/Shader/NormalMap.shader
  artifactKey: Guid(77bae2b90db4d5b4e81e8de92e81a586) Importer(815301076,1909f56bfc062723c751e8b465ee728b)
Start importing Assets/Shader/NormalMap.shader using Guid(77bae2b90db4d5b4e81e8de92e81a586) Importer(815301076,1909f56bfc062723c751e8b465ee728b)  -> (artifact id: 'ef0c125f0d55104d01877fd7be2df9b7') in 0.003892 seconds 
========================================================================
Received Import Request.
  Time since last request: 182.788010 seconds.
  path: Assets/Shader/NormalMap.shader
  artifactKey: Guid(77bae2b90db4d5b4e81e8de92e81a586) Importer(815301076,1909f56bfc062723c751e8b465ee728b)
Start importing Assets/Shader/NormalMap.shader using Guid(77bae2b90db4d5b4e81e8de92e81a586) Importer(815301076,1909f56bfc062723c751e8b465ee728b)  -> (artifact id: '6f2135231aa607353fde25445cf4f99b') in 0.004744 seconds 
========================================================================
Received Import Request.
  Time since last request: 20.983297 seconds.
  path: Assets/Shader/NormalMap.shader
  artifactKey: Guid(77bae2b90db4d5b4e81e8de92e81a586) Importer(815301076,1909f56bfc062723c751e8b465ee728b)
Start importing Assets/Shader/NormalMap.shader using Guid(77bae2b90db4d5b4e81e8de92e81a586) Importer(815301076,1909f56bfc062723c751e8b465ee728b)  -> (artifact id: '48999de5e784c2e36d0104c045cb9be4') in 0.003210 seconds 
========================================================================
Received Import Request.
  Time since last request: 26.314001 seconds.
  path: Assets/Shader/NormalMap.shader
  artifactKey: Guid(77bae2b90db4d5b4e81e8de92e81a586) Importer(815301076,1909f56bfc062723c751e8b465ee728b)
Start importing Assets/Shader/NormalMap.shader using Guid(77bae2b90db4d5b4e81e8de92e81a586) Importer(815301076,1909f56bfc062723c751e8b465ee728b)  -> (artifact id: 'e8975ebdb35f400310f1fb993be9da4a') in 0.003137 seconds 
========================================================================
Received Import Request.
  Time since last request: 27.851497 seconds.
  path: Assets/Shader/NormalMap.shader
  artifactKey: Guid(77bae2b90db4d5b4e81e8de92e81a586) Importer(815301076,1909f56bfc062723c751e8b465ee728b)
Start importing Assets/Shader/NormalMap.shader using Guid(77bae2b90db4d5b4e81e8de92e81a586) Importer(815301076,1909f56bfc062723c751e8b465ee728b)  -> (artifact id: 'b85c35e108e107766b11ebe79efcbee0') in 0.003065 seconds 
========================================================================
Received Import Request.
  Time since last request: 7.091178 seconds.
  path: Assets/Shader/NormalMap.shader
  artifactKey: Guid(77bae2b90db4d5b4e81e8de92e81a586) Importer(815301076,1909f56bfc062723c751e8b465ee728b)
Start importing Assets/Shader/NormalMap.shader using Guid(77bae2b90db4d5b4e81e8de92e81a586) Importer(815301076,1909f56bfc062723c751e8b465ee728b)  -> (artifact id: '1a296d5024d2b2a4983904ccb2b8de6a') in 0.002977 seconds 
========================================================================
Received Import Request.
  Time since last request: 86.817500 seconds.
  path: Assets/Shader/NormalMap.shader
  artifactKey: Guid(77bae2b90db4d5b4e81e8de92e81a586) Importer(815301076,1909f56bfc062723c751e8b465ee728b)
Start importing Assets/Shader/NormalMap.shader using Guid(77bae2b90db4d5b4e81e8de92e81a586) Importer(815301076,1909f56bfc062723c751e8b465ee728b)  -> (artifact id: 'b0585fb00b369bc7267016efe378eb67') in 0.003825 seconds 
========================================================================
Received Import Request.
  Time since last request: 31.135807 seconds.
  path: Assets/Material/Jellyfish/Jellyfish_material.mat
  artifactKey: Guid(404ce7f119e319e43bf489486d6199df) Importer(815301076,1909f56bfc062723c751e8b465ee728b)
Start importing Assets/Material/Jellyfish/Jellyfish_material.mat using Guid(404ce7f119e319e43bf489486d6199df) Importer(815301076,1909f56bfc062723c751e8b465ee728b)  -> (artifact id: 'cedfa3f40e28b8f7ab62d43ea2743b69') in 0.109014 seconds 
